<?xml version="1.0" encoding="UTF-8"?>
<!-- Generated by org.testng.reporters.JUnitReportReporter -->
<testsuite hostname="DESKTOP-14SSSIG" name="com.app.model.FeedDeserializationTest" tests="1" failures="0" timestamp="25 Jan 2020 17:45:01 GMT" time="0.395" errors="0">
  <testcase name="feedDeSerializationTest" time="0.395" classname="com.app.model.FeedDeserializationTest"/>
</testsuite> <!-- com.app.model.FeedDeserializationTest -->
