<?xml version="1.0" encoding="UTF-8"?>
<!-- Generated by org.testng.reporters.JUnitReportReporter -->
<testsuite hostname="DESKTOP-14SSSIG" name="com.app.model.FeedSerializationAndDeserializationTest" tests="1" failures="0" timestamp="25 Jan 2020 11:53:18 GMT" time="0.416" errors="0">
  <testcase name="feedDeSerializationTest" time="0.416" classname="com.app.model.FeedSerializationAndDeserializationTest"/>
</testsuite> <!-- com.app.model.FeedSerializationAndDeserializationTest -->
