<?xml version="1.0" encoding="UTF-8"?>
<!-- Generated by org.testng.reporters.JUnitReportReporter -->
<testsuite hostname="DESKTOP-14SSSIG" name="com.app.service.RSSFeedSericeTest" tests="1" failures="0" timestamp="25 Jan 2020 15:37:58 GMT" time="0.027" errors="0">
  <testcase name="rssFeedTest" time="0.027" classname="com.app.service.RSSFeedSericeTest"/>
</testsuite> <!-- com.app.service.RSSFeedSericeTest -->
