<?xml version="1.0" encoding="UTF-8"?>
<!-- Generated by org.testng.reporters.JUnitReportReporter -->
<testsuite hostname="DESKTOP-14SSSIG" name="com.app.service.RSSFeedServiceTest" tests="3" failures="0" timestamp="26 Jan 2020 17:49:08 GMT" time="0.061" errors="0">
  <testcase name="itemsByTagsTest" time="0.048" classname="com.app.service.RSSFeedServiceTest"/>
  <testcase name="rssFeedTest" time="0.008" classname="com.app.service.RSSFeedServiceTest"/>
  <testcase name="itemsByTagsTest2" time="0.005" classname="com.app.service.RSSFeedServiceTest"/>
</testsuite> <!-- com.app.service.RSSFeedServiceTest -->
