<?xml version="1.0" encoding="UTF-8"?>
<!-- Generated by org.testng.reporters.JUnitReportReporter -->
<testsuite hostname="DESKTOP-14SSSIG" name="com.app.service.AccessTokenServiceTest" tests="1" failures="0" timestamp="30 Jan 2020 18:58:13 GMT" time="0.131" errors="0">
  <testcase name="tokenTest" time="0.131" classname="com.app.service.AccessTokenServiceTest"/>
</testsuite> <!-- com.app.service.AccessTokenServiceTest -->
