<?xml version="1.0" encoding="UTF-8"?>
<!-- Generated by org.testng.reporters.JUnitReportReporter -->
<testsuite hostname="DESKTOP-14SSSIG" name="com.app.service.MailServiceCheck" tests="1" failures="0" timestamp="27 Jan 2020 04:15:15 GMT" time="17.458" errors="0">
  <testcase name="mailSendCheck" time="17.458" classname="com.app.service.MailServiceCheck"/>
</testsuite> <!-- com.app.service.MailServiceCheck -->
