<?xml version="1.0" encoding="UTF-8"?>
<!-- Generated by org.testng.reporters.JUnitReportReporter -->
<testsuite hostname="DESKTOP-14SSSIG" name="com.app.dao.ChallengeDaoTest" tests="2" failures="0" timestamp="25 Jan 2020 06:08:59 GMT" time="0.191" errors="0">
  <testcase name="challengeInsertTest" time="0.184" classname="com.app.dao.ChallengeDaoTest"/>
  <testcase name="challengesCountTest" time="0.007" classname="com.app.dao.ChallengeDaoTest"/>
</testsuite> <!-- com.app.dao.ChallengeDaoTest -->
