<?xml version="1.0" encoding="UTF-8"?>
<!-- Generated by org.testng.reporters.JUnitReportReporter -->
<testsuite hostname="DESKTOP-14SSSIG" name="com.app.service.ChallengeServiceTest" tests="3" failures="0" timestamp="28 Jan 2020 17:58:06 GMT" time="0.214" errors="0">
  <testcase name="challengeInsertTest2" time="0.036" classname="com.app.service.ChallengeServiceTest"/>
  <testcase name="challengesCountTest" time="0.020" classname="com.app.service.ChallengeServiceTest"/>
  <testcase name="challengeInsertTest" time="0.158" classname="com.app.service.ChallengeServiceTest"/>
</testsuite> <!-- com.app.service.ChallengeServiceTest -->
