<?xml version="1.0" encoding="UTF-8"?>
<!-- Generated by org.testng.reporters.JUnitReportReporter -->
<testsuite hostname="DESKTOP-14SSSIG" name="com.app.util.TemplateCheck" tests="1" failures="0" timestamp="26 Jan 2020 20:16:26 GMT" time="0.228" errors="0">
  <testcase name="check" time="0.228" classname="com.app.util.TemplateCheck"/>
</testsuite> <!-- com.app.util.TemplateCheck -->
