<?xml version="1.0" encoding="UTF-8"?>
<!-- Generated by org.testng.reporters.JUnitReportReporter -->
<testsuite hostname="DESKTOP-14SSSIG" name="com.app.dao.ChallengeDaoTest" tests="3" failures="0" timestamp="25 Jan 2020 18:24:36 GMT" time="0.337" errors="0">
  <testcase name="challengeInsertTest" time="0.275" classname="com.app.dao.ChallengeDaoTest"/>
  <testcase name="challengesCountTest" time="0.009" classname="com.app.dao.ChallengeDaoTest"/>
  <testcase name="challengeInsertTest2" time="0.053" classname="com.app.dao.ChallengeDaoTest"/>
</testsuite> <!-- com.app.dao.ChallengeDaoTest -->
