<?xml version="1.0" encoding="UTF-8"?>
<!-- Generated by org.testng.reporters.JUnitReportReporter -->
<testsuite hostname="DESKTOP-14SSSIG" name="com.app.notifier.ChallengeNotifierTest" tests="2" failures="0" timestamp="27 Jan 2020 14:59:53 GMT" time="0.036" errors="0">
  <testcase name="newChallengesTest" time="0.007" classname="com.app.notifier.ChallengeNotifierTest"/>
  <testcase name="allChallengesTest" time="0.029" classname="com.app.notifier.ChallengeNotifierTest"/>
</testsuite> <!-- com.app.notifier.ChallengeNotifierTest -->
