<?xml version="1.0" encoding="UTF-8"?>
<!-- Generated by org.testng.reporters.JUnitReportReporter -->
<testsuite hostname="DESKTOP-14SSSIG" name="com.app.dao.ConfigDaoTest" tests="3" failures="0" timestamp="27 Jan 2020 13:10:11 GMT" time="0.180" errors="0">
  <testcase name="configTagsUpdateTest" time="0.016" classname="com.app.dao.ConfigDaoTest"/>
  <testcase name="configEmailsUpdateTest" time="0.155" classname="com.app.dao.ConfigDaoTest"/>
  <testcase name="configInsertionTest" time="0.009" classname="com.app.dao.ConfigDaoTest"/>
</testsuite> <!-- com.app.dao.ConfigDaoTest -->
