<?xml version="1.0" encoding="UTF-8"?>
<!-- Generated by org.testng.reporters.JUnitReportReporter -->
<testsuite hostname="DESKTOP-14SSSIG" name="com.app.notifier.ChallengeNotifierTest" tests="2" failures="0" timestamp="1 Feb 2020 14:19:43 GMT" time="0.042" errors="0">
  <testcase name="allChallengesTest" time="0.030" classname="com.app.notifier.ChallengeNotifierTest"/>
  <testcase name="newChallengesTest" time="0.012" classname="com.app.notifier.ChallengeNotifierTest"/>
</testsuite> <!-- com.app.notifier.ChallengeNotifierTest -->
