<?xml version="1.0" encoding="UTF-8"?>
<!-- Generated by org.testng.reporters.JUnitReportReporter -->
<testsuite hostname="DESKTOP-14SSSIG" name="com.app.service.ConfigServiceTest" tests="3" failures="0" timestamp="28 Jan 2020 17:51:03 GMT" time="0.193" errors="0">
  <testcase name="configTagsUpdateTest" time="0.021" classname="com.app.service.ConfigServiceTest"/>
  <testcase name="configInsertionTest" time="0.010" classname="com.app.service.ConfigServiceTest"/>
  <testcase name="configEmailsUpdateTest" time="0.162" classname="com.app.service.ConfigServiceTest"/>
</testsuite> <!-- com.app.service.ConfigServiceTest -->
