<?xml version="1.0" encoding="UTF-8"?>
<!-- Generated by org.testng.reporters.JUnitReportReporter -->
<testsuite hostname="DESKTOP-14SSSIG" name="com.app.dao.ConfigDaoTest" tests="3" failures="0" timestamp="25 Jan 2020 07:07:19 GMT" time="0.151" errors="0">
  <testcase name="configEmailsUpdateTest" time="0.134" classname="com.app.dao.ConfigDaoTest"/>
  <testcase name="configTagsUpdateTest" time="0.011" classname="com.app.dao.ConfigDaoTest"/>
  <testcase name="configInsertionTest" time="0.006" classname="com.app.dao.ConfigDaoTest"/>
</testsuite> <!-- com.app.dao.ConfigDaoTest -->
