<?xml version="1.0" encoding="UTF-8"?>
<!-- Generated by org.testng.reporters.JUnitReportReporter -->
<testsuite hostname="DESKTOP-14SSSIG" name="com.app.service.RSSFeedServiceTest" tests="3" failures="0" timestamp="31 Jan 2020 13:59:22 GMT" time="1.031" errors="0">
  <testcase name="itemsByTagsTest2" time="1.003" classname="com.app.service.RSSFeedServiceTest"/>
  <testcase name="rssFeedTest" time="0.007" classname="com.app.service.RSSFeedServiceTest"/>
  <testcase name="itemsByTagsTest" time="0.021" classname="com.app.service.RSSFeedServiceTest"/>
</testsuite> <!-- com.app.service.RSSFeedServiceTest -->
